Running 17 checks on your project...
14/17 checks passed. 3 checks failed. Possible issues detected:
Use the --verbose flag to see more details about passed checks.

✖ Check for common project setup issues
The .expo directory is not ignored by Git. It contains machine-specific device history and development server settings and should not be committed.
Advice:
Add ".expo/" to your .gitignore to avoid committing local Expo state.

✖ Check for app config fields that may not be synced in a non-CNG project
This project contains native project folders but also has native configuration properties in app.json, indicating it is configured to use Prebuild. When the android/ios folders are present, EAS Build will not sync the following properties: orientation, icon, userInterfaceStyle, backgroundColor, splash, ios, androidStatusBar, androidNavigationBar, android, plugins. 


✖ Check that packages match versions required by installed Expo SDK

🔧 Patch version mismatches
package             expected  found    
babel-preset-expo   ~54.0.9   54.0.8   
expo                ~54.0.30  54.0.29  
expo-splash-screen  ~31.0.13  31.0.12  

Changelogs:
- expo-splash-screen → https://github.com/expo/expo/blob/sdk-54/packages/expo-splash-screen/CHANGELOG.md

3 packages out of date.
Advice:
Use 'npx expo install --check' to review and upgrade your dependencies.
To ignore specific packages, add them to "expo.install.exclude" in package.json. Learn more: https://expo.fyi/dependency-validation

3 checks failed, indicating possible issues with the project.
